{"numFailedTestSuites":0,"numFailedTests":0,"numPassedTestSuites":59,"numPassedTests":232,"numPendingTestSuites":0,"numPendingTests":0,"numRuntimeErrorTestSuites":0,"numTodoTests":0,"numTotalTestSuites":59,"numTotalTests":232,"openHandles":[],"snapshot":{"added":0,"didUpdate":false,"failure":false,"filesAdded":0,"filesRemoved":0,"filesRemovedList":[],"filesUnmatched":0,"filesUpdated":0,"matched":0,"total":0,"unchecked":0,"uncheckedKeysByFile":[],"unmatched":0,"updated":0},"startTime":1568904041387,"success":true,"testResults":[{"assertionResults":[{"ancestorTitles":["ExpandButton"],"failureMessages":[],"fullName":"ExpandButton should handle click","location":null,"status":"passed","title":"should handle click"},{"ancestorTitles":["ExpandButton"],"failureMessages":[],"fullName":"ExpandButton can get focus","location":null,"status":"passed","title":"can get focus"},{"ancestorTitles":["ExpandButton"],"failureMessages":[],"fullName":"ExpandButton should handle the \"Enter\" and \"Space\" keys down","location":null,"status":"passed","title":"should handle the \"Enter\" and \"Space\" keys down"},{"ancestorTitles":["ExpandButton"],"failureMessages":[],"fullName":"ExpandButton should pass style to the root element","location":null,"status":"passed","title":"should pass style to the root element"},{"ancestorTitles":["ExpandButton"],"failureMessages":[],"fullName":"ExpandButton should pass className to the root element","location":null,"status":"passed","title":"should pass className to the root element"},{"ancestorTitles":["ExpandButton"],"failureMessages":[],"fullName":"ExpandButton should pass rest props to the root element","location":null,"status":"passed","title":"should pass rest props to the root element"},{"ancestorTitles":["ExpandButton","hidden"],"failureMessages":[],"fullName":"ExpandButton hidden should not handle click","location":null,"status":"passed","title":"should not handle click"},{"ancestorTitles":["ExpandButton","hidden"],"failureMessages":[],"fullName":"ExpandButton hidden can not get focus","location":null,"status":"passed","title":"can not get focus"}],"endTime":1568904049540,"message":"","name":"D:\\Users\\lazyd\\src\\@lzd\\cms-next\\next-zero\\packages\\grid\\src\\templates\\parts\\expand-button.test.jsx","startTime":1568904046470,"status":"passed","summary":""},{"assertionResults":[{"ancestorTitles":["TableHeaderCell"],"failureMessages":[],"fullName":"TableHeaderCell should have correct classes when user interaction disallowed","location":null,"status":"passed","title":"should have correct classes when user interaction disallowed"},{"ancestorTitles":["TableHeaderCell"],"failureMessages":[],"fullName":"TableHeaderCell should have correct classes when dragging is allowed","location":null,"status":"passed","title":"should have correct classes when dragging is allowed"},{"ancestorTitles":["TableHeaderCell"],"failureMessages":[],"fullName":"TableHeaderCell should have correct classes when dragging","location":null,"status":"passed","title":"should have correct classes when dragging"},{"ancestorTitles":["TableHeaderCell"],"failureMessages":[],"fullName":"TableHeaderCell should render resize control if resizing is allowed","location":null,"status":"passed","title":"should render resize control if resizing is allowed"},{"ancestorTitles":["TableHeaderCell"],"failureMessages":[],"fullName":"TableHeaderCell should pass custom class to the root element","location":null,"status":"passed","title":"should pass custom class to the root element"},{"ancestorTitles":["TableHeaderCell"],"failureMessages":[],"fullName":"TableHeaderCell should pass rest props to the root element","location":null,"status":"passed","title":"should pass rest props to the root element"},{"ancestorTitles":["TableHeaderCell"],"failureMessages":[],"fullName":"TableHeaderCell should consider the `wordWrapEnabled` property","location":null,"status":"passed","title":"should consider the `wordWrapEnabled` property"}],"endTime":1568904050201,"message":"","name":"D:\\Users\\lazyd\\src\\@lzd\\cms-next\\next-zero\\packages\\grid\\src\\templates\\table-header-cell.test.jsx","startTime":1568904046471,"status":"passed","summary":""},{"assertionResults":[{"ancestorTitles":["Overlay"],"failureMessages":[],"fullName":"Overlay should pass the className prop to the root element","location":null,"status":"passed","title":"should pass the className prop to the root element"},{"ancestorTitles":["Overlay"],"failureMessages":[],"fullName":"Overlay should pass rest props to the root element","location":null,"status":"passed","title":"should pass rest props to the root element"},{"ancestorTitles":["Overlay"],"failureMessages":[],"fullName":"Overlay should not render popover in body","location":null,"status":"passed","title":"should not render popover in body"},{"ancestorTitles":["Overlay","onHide"],"failureMessages":[],"fullName":"Overlay onHide should be called on toggle if overlay is visible","location":null,"status":"passed","title":"should be called on toggle if overlay is visible"},{"ancestorTitles":["Overlay","onHide"],"failureMessages":[],"fullName":"Overlay onHide should not be called on toggle if overlay is not visible","location":null,"status":"passed","title":"should not be called on toggle if overlay is not visible"}],"endTime":1568904050208,"message":"","name":"D:\\Users\\lazyd\\src\\@lzd\\cms-next\\next-zero\\packages\\grid\\src\\templates\\column-chooser\\overlay.test.jsx","startTime":1568904046470,"status":"passed","summary":""},{"assertionResults":[{"ancestorTitles":["Input search box"],"failureMessages":[],"fullName":"Input search box should render input component","location":null,"status":"passed","title":"should render input component"},{"ancestorTitles":["Input search box"],"failureMessages":[],"fullName":"Input search box should render input component with Value","location":null,"status":"passed","title":"should render input component with Value"},{"ancestorTitles":["Input search box"],"failureMessages":[],"fullName":"Input search box should trigger onValueChange when change event fire","location":null,"status":"passed","title":"should trigger onValueChange when change event fire"},{"ancestorTitles":["Input search box"],"failureMessages":[],"fullName":"Input search box should set placeholder","location":null,"status":"passed","title":"should set placeholder"},{"ancestorTitles":["Input search box"],"failureMessages":[],"fullName":"Input search box should pass the className prop to the root element","location":null,"status":"passed","title":"should pass the className prop to the root element"},{"ancestorTitles":["Input search box"],"failureMessages":[],"fullName":"Input search box should pass rest props to the root element","location":null,"status":"passed","title":"should pass rest props to the root element"}],"endTime":1568904050427,"message":"","name":"D:\\Users\\lazyd\\src\\@lzd\\cms-next\\next-zero\\packages\\grid\\src\\templates\\search-panel-input.test.jsx","startTime":1568904049942,"status":"passed","summary":""},{"assertionResults":[{"ancestorTitles":["GroupButton"],"failureMessages":[],"fullName":"GroupButton should have correct css class if disabled is true","location":null,"status":"passed","title":"should have correct css class if disabled is true"},{"ancestorTitles":["GroupButton"],"failureMessages":[],"fullName":"GroupButton should not call the onGroup function if disabled is true","location":null,"status":"passed","title":"should not call the onGroup function if disabled is true"},{"ancestorTitles":["GroupButton"],"failureMessages":[],"fullName":"GroupButton should apply custom class","location":null,"status":"passed","title":"should apply custom class"},{"ancestorTitles":["GroupButton"],"failureMessages":[],"fullName":"GroupButton should spread rest props to the root element","location":null,"status":"passed","title":"should spread rest props to the root element"}],"endTime":1568904051037,"message":"","name":"D:\\Users\\lazyd\\src\\@lzd\\cms-next\\next-zero\\packages\\grid\\src\\templates\\table-header-cell\\group-button.test.jsx","startTime":1568904050680,"status":"passed","summary":""},{"assertionResults":[{"ancestorTitles":["TableSelectCell"],"failureMessages":[],"fullName":"TableSelectCell should pass rest props to the root element","location":null,"status":"passed","title":"should pass rest props to the root element"}],"endTime":1568904051098,"message":"","name":"D:\\Users\\lazyd\\src\\@lzd\\cms-next\\next-zero\\packages\\grid\\src\\templates\\table-select-cell.test.jsx","startTime":1568904050696,"status":"passed","summary":""},{"assertionResults":[{"ancestorTitles":["EditCell"],"failureMessages":[],"fullName":"EditCell should pass rest props to the root element","location":null,"status":"passed","title":"should pass rest props to the root element"},{"ancestorTitles":["EditCell"],"failureMessages":[],"fullName":"EditCell should render children if passed","location":null,"status":"passed","title":"should render children if passed"},{"ancestorTitles":["EditCell"],"failureMessages":[],"fullName":"EditCell should pass rest props to the root element","location":null,"status":"passed","title":"should pass rest props to the root element"},{"ancestorTitles":["EditCell"],"failureMessages":[],"fullName":"EditCell should render readonly editor if editing is not allowed","location":null,"status":"passed","title":"should render readonly editor if editing is not allowed"}],"endTime":1568904051281,"message":"","name":"D:\\Users\\lazyd\\src\\@lzd\\cms-next\\next-zero\\packages\\grid\\src\\templates\\table-edit-cell.test.jsx","startTime":1568904050800,"status":"passed","summary":""},{"assertionResults":[{"ancestorTitles":["Title"],"failureMessages":[],"fullName":"Title should apply custom class","location":null,"status":"passed","title":"should apply custom class"},{"ancestorTitles":["Title"],"failureMessages":[],"fullName":"Title should spread rest props to the root element","location":null,"status":"passed","title":"should spread rest props to the root element"}],"endTime":1568904051749,"message":"","name":"D:\\Users\\lazyd\\src\\@lzd\\cms-next\\next-zero\\packages\\grid\\src\\templates\\table-header-cell\\title.test.jsx","startTime":1568904051456,"status":"passed","summary":""},{"assertionResults":[{"ancestorTitles":["PageSizeSelector","#render"],"failureMessages":[],"fullName":"PageSizeSelector #render can show info about page sizes","location":null,"status":"passed","title":"can show info about page sizes"},{"ancestorTitles":["PageSizeSelector","#render"],"failureMessages":[],"fullName":"PageSizeSelector #render can render the \"All\" item","location":null,"status":"passed","title":"can render the \"All\" item"},{"ancestorTitles":["PageSizeSelector","#render"],"failureMessages":[],"fullName":"PageSizeSelector #render can handle the 'onPageSizeChange' event","location":null,"status":"passed","title":"can handle the 'onPageSizeChange' event"}],"endTime":1568904052065,"message":"","name":"D:\\Users\\lazyd\\src\\@lzd\\cms-next\\next-zero\\packages\\grid\\src\\templates\\paging-panel\\page-size-selector.test.jsx","startTime":1568904051478,"status":"passed","summary":""},{"assertionResults":[{"ancestorTitles":["Pager"],"failureMessages":[],"fullName":"Pager renders pagination","location":null,"status":"passed","title":"renders pagination"},{"ancestorTitles":["Pager"],"failureMessages":[],"fullName":"Pager renders page size selector","location":null,"status":"passed","title":"renders page size selector"},{"ancestorTitles":["Pager"],"failureMessages":[],"fullName":"Pager doesn't render page selector if the pageSizes option is not defined ","location":null,"status":"passed","title":"doesn't render page selector if the pageSizes option is not defined "},{"ancestorTitles":["Pager"],"failureMessages":[],"fullName":"Pager should pass rest props to the root element","location":null,"status":"passed","title":"should pass rest props to the root element"},{"ancestorTitles":["Pager"],"failureMessages":[],"fullName":"Pager should add the passed className to the root element","location":null,"status":"passed","title":"should add the passed className to the root element"}],"endTime":1568904052324,"message":"","name":"D:\\Users\\lazyd\\src\\@lzd\\cms-next\\next-zero\\packages\\grid\\src\\templates\\paging-panel\\pager.test.jsx","startTime":1568904051595,"status":"passed","summary":""},{"assertionResults":[{"ancestorTitles":["TableStubHeaderCell"],"failureMessages":[],"fullName":"TableStubHeaderCell should pass rest props to the root element","location":null,"status":"passed","title":"should pass rest props to the root element"},{"ancestorTitles":["TableStubHeaderCell"],"failureMessages":[],"fullName":"TableStubHeaderCell should pass rest props to the root element","location":null,"status":"passed","title":"should pass rest props to the root element"}],"endTime":1568904052523,"message":"","name":"D:\\Users\\lazyd\\src\\@lzd\\cms-next\\next-zero\\packages\\grid\\src\\templates\\table-stub-header-cell.test.jsx","startTime":1568904052199,"status":"passed","summary":""},{"assertionResults":[{"ancestorTitles":["Editor"],"failureMessages":[],"fullName":"Editor should render a readonly input if disabled","location":null,"status":"passed","title":"should render a readonly input if disabled"},{"ancestorTitles":["Editor"],"failureMessages":[],"fullName":"Editor should pass the className prop to the root element","location":null,"status":"passed","title":"should pass the className prop to the root element"},{"ancestorTitles":["Editor"],"failureMessages":[],"fullName":"Editor should pass rest props to the root element","location":null,"status":"passed","title":"should pass rest props to the root element"}],"endTime":1568904052788,"message":"","name":"D:\\Users\\lazyd\\src\\@lzd\\cms-next\\next-zero\\packages\\grid\\src\\templates\\filter-row\\editor.test.jsx","startTime":1568904052432,"status":"passed","summary":""},{"assertionResults":[{"ancestorTitles":["SelectionControl"],"failureMessages":[],"fullName":"SelectionControl should pass rest props to the root element","location":null,"status":"passed","title":"should pass rest props to the root element"},{"ancestorTitles":["SelectionControl"],"failureMessages":[],"fullName":"SelectionControl should render indeterminate state checkbox if the `indeterminate` property is true","location":null,"status":"passed","title":"should render indeterminate state checkbox if the `indeterminate` property is true"},{"ancestorTitles":["SelectionControl"],"failureMessages":[],"fullName":"SelectionControl should not fire the `onChange` event on cell click if selection is not available","location":null,"status":"passed","title":"should not fire the `onChange` event on cell click if selection is not available"}],"endTime":1568904052999,"message":"","name":"D:\\Users\\lazyd\\src\\@lzd\\cms-next\\next-zero\\packages\\grid\\src\\templates\\parts\\selection-control.test.jsx","startTime":1568904052668,"status":"passed","summary":""},{"assertionResults":[{"ancestorTitles":["TableGroupCell"],"failureMessages":[],"fullName":"TableGroupCell should render children inside content component if passed","location":null,"status":"passed","title":"should render children inside content component if passed"},{"ancestorTitles":["TableGroupCell"],"failureMessages":[],"fullName":"TableGroupCell should render Icon","location":null,"status":"passed","title":"should render Icon"},{"ancestorTitles":["TableGroupCell"],"failureMessages":[],"fullName":"TableGroupCell should render Content","location":null,"status":"passed","title":"should render Content"},{"ancestorTitles":["TableGroupCell"],"failureMessages":[],"fullName":"TableGroupCell should render Container","location":null,"status":"passed","title":"should render Container"},{"ancestorTitles":["TableGroupCell"],"failureMessages":[],"fullName":"TableGroupCell should pass custom class to the root element","location":null,"status":"passed","title":"should pass custom class to the root element"},{"ancestorTitles":["TableGroupCell"],"failureMessages":[],"fullName":"TableGroupCell should pass rest props to the root element","location":null,"status":"passed","title":"should pass rest props to the root element"}],"endTime":1568904053284,"message":"","name":"D:\\Users\\lazyd\\src\\@lzd\\cms-next\\next-zero\\packages\\grid\\src\\templates\\table-group-cell\\cell.test.jsx","startTime":1568904052862,"status":"passed","summary":""},{"assertionResults":[{"ancestorTitles":["ResizingControl"],"failureMessages":[],"fullName":"ResizingControl should trigger onWidthChange with correct change on resize end","location":null,"status":"passed","title":"should trigger onWidthChange with correct change on resize end"},{"ancestorTitles":["ResizingControl"],"failureMessages":[],"fullName":"ResizingControl should trigger onWidthDraft with correct change on resize update","location":null,"status":"passed","title":"should trigger onWidthDraft with correct change on resize update"}],"endTime":1568904053489,"message":"","name":"D:\\Users\\lazyd\\src\\@lzd\\cms-next\\next-zero\\packages\\grid\\src\\templates\\table-header-cell\\resizing-control.test.jsx","startTime":1568904053111,"status":"passed","summary":""},{"assertionResults":[{"ancestorTitles":["Table"],"failureMessages":[],"fullName":"Table should pass class to the root element","location":null,"status":"passed","title":"should pass class to the root element"},{"ancestorTitles":["Table"],"failureMessages":[],"fullName":"Table should pass rest props to the root element","location":null,"status":"passed","title":"should pass rest props to the root element"}],"endTime":1568904054065,"message":"","name":"D:\\Users\\lazyd\\src\\@lzd\\cms-next\\next-zero\\packages\\grid\\src\\templates\\table.test.jsx","startTime":1568904053630,"status":"passed","summary":""},{"assertionResults":[{"ancestorTitles":["TableFilterCell"],"failureMessages":[],"fullName":"TableFilterCell should render children if passed","location":null,"status":"passed","title":"should render children if passed"},{"ancestorTitles":["TableFilterCell"],"failureMessages":[],"fullName":"TableFilterCell should pass rest props to the root element","location":null,"status":"passed","title":"should pass rest props to the root element"},{"ancestorTitles":["TableFilterCell"],"failureMessages":[],"fullName":"TableFilterCell should pass rest props to the root element","location":null,"status":"passed","title":"should pass rest props to the root element"}],"endTime":1568904054150,"message":"","name":"D:\\Users\\lazyd\\src\\@lzd\\cms-next\\next-zero\\packages\\grid\\src\\templates\\table-filter-cell.test.jsx","startTime":1568904053791,"status":"passed","summary":""},{"assertionResults":[{"ancestorTitles":["FixedCell"],"failureMessages":[],"fullName":"FixedCell should apply default classNames","location":null,"status":"passed","title":"should apply default classNames"},{"ancestorTitles":["FixedCell"],"failureMessages":[],"fullName":"FixedCell should apply inherit background color for selected cells","location":null,"status":"passed","title":"should apply inherit background color for selected cells"},{"ancestorTitles":["FixedCell"],"failureMessages":[],"fullName":"FixedCell should apply left border if left divider exists","location":null,"status":"passed","title":"should apply left border if left divider exists"},{"ancestorTitles":["FixedCell"],"failureMessages":[],"fullName":"FixedCell should apply right border if right divider exists","location":null,"status":"passed","title":"should apply right border if right divider exists"},{"ancestorTitles":["FixedCell"],"failureMessages":[],"fullName":"FixedCell should pass the className prop to the root element","location":null,"status":"passed","title":"should pass the className prop to the root element"},{"ancestorTitles":["FixedCell"],"failureMessages":[],"fullName":"FixedCell should apply position","location":null,"status":"passed","title":"should apply position"},{"ancestorTitles":["FixedCell"],"failureMessages":[],"fullName":"FixedCell should apply background color","location":null,"status":"passed","title":"should apply background color"},{"ancestorTitles":["FixedCell"],"failureMessages":[],"fullName":"FixedCell should pass rest props to the root element","location":null,"status":"passed","title":"should pass rest props to the root element"}],"endTime":1568904054282,"message":"","name":"D:\\Users\\lazyd\\src\\@lzd\\cms-next\\next-zero\\packages\\grid\\src\\templates\\table-fixed-cell.test.jsx","startTime":1568904053380,"status":"passed","summary":""},{"assertionResults":[{"ancestorTitles":["TableCell"],"failureMessages":[],"fullName":"TableCell should render children if passed","location":null,"status":"passed","title":"should render children if passed"},{"ancestorTitles":["TableCell"],"failureMessages":[],"fullName":"TableCell should pass custom class to the root element","location":null,"status":"passed","title":"should pass custom class to the root element"},{"ancestorTitles":["TableCell"],"failureMessages":[],"fullName":"TableCell should pass rest props to the root element","location":null,"status":"passed","title":"should pass rest props to the root element"},{"ancestorTitles":["TableCell"],"failureMessages":[],"fullName":"TableCell should apply left border if necessary","location":null,"status":"passed","title":"should apply left border if necessary"}],"endTime":1568904054840,"message":"","name":"D:\\Users\\lazyd\\src\\@lzd\\cms-next\\next-zero\\packages\\grid\\src\\templates\\table-band-header\\cell.test.jsx","startTime":1568904054488,"status":"passed","summary":""},{"assertionResults":[{"ancestorTitles":["Container"],"failureMessages":[],"fullName":"Container should pass the className prop to the root element","location":null,"status":"passed","title":"should pass the className prop to the root element"},{"ancestorTitles":["Container"],"failureMessages":[],"fullName":"Container should pass rest props to the root element","location":null,"status":"passed","title":"should pass rest props to the root element"}],"endTime":1568904054854,"message":"","name":"D:\\Users\\lazyd\\src\\@lzd\\cms-next\\next-zero\\packages\\grid\\src\\templates\\column-chooser\\container.test.jsx","startTime":1568904054541,"status":"passed","summary":""},{"assertionResults":[{"ancestorTitles":["TableContainer"],"failureMessages":[],"fullName":"TableContainer should pass class to the root element","location":null,"status":"passed","title":"should pass class to the root element"},{"ancestorTitles":["TableContainer"],"failureMessages":[],"fullName":"TableContainer should pass rest props to the root element","location":null,"status":"passed","title":"should pass rest props to the root element"},{"ancestorTitles":["TableContainer"],"failureMessages":[],"fullName":"TableContainer should have correct styles","location":null,"status":"passed","title":"should have correct styles"},{"ancestorTitles":["TableContainer"],"failureMessages":[],"fullName":"TableContainer should render a `div` block as a workaround Safari sticky bug","location":null,"status":"passed","title":"should render a `div` block as a workaround Safari sticky bug"}],"endTime":1568904054898,"message":"","name":"D:\\Users\\lazyd\\src\\@lzd\\cms-next\\next-zero\\packages\\grid\\src\\templates\\table-container.test.jsx","startTime":1568904054559,"status":"passed","summary":""},{"assertionResults":[{"ancestorTitles":["EditCommandCells","EditCommandCell"],"failureMessages":[],"fullName":"EditCommandCells EditCommandCell should pass custom class to the root element","location":null,"status":"passed","title":"should pass custom class to the root element"},{"ancestorTitles":["EditCommandCells","EditCommandCell"],"failureMessages":[],"fullName":"EditCommandCells EditCommandCell should pass rest props to the root element","location":null,"status":"passed","title":"should pass rest props to the root element"},{"ancestorTitles":["EditCommandCells","EditCommandHeadingCell"],"failureMessages":[],"fullName":"EditCommandCells EditCommandHeadingCell should pass rest props to the root element","location":null,"status":"passed","title":"should pass rest props to the root element"},{"ancestorTitles":["EditCommandCells","EditCommandHeadingCell"],"failureMessages":[],"fullName":"EditCommandCells EditCommandHeadingCell should pass rest props to the root element","location":null,"status":"passed","title":"should pass rest props to the root element"},{"ancestorTitles":["EditCommandCells","CommandButton"],"failureMessages":[],"fullName":"EditCommandCells CommandButton should pass the className prop to the root element","location":null,"status":"passed","title":"should pass the className prop to the root element"},{"ancestorTitles":["EditCommandCells","CommandButton"],"failureMessages":[],"fullName":"EditCommandCells CommandButton should pass rest props to the root element","location":null,"status":"passed","title":"should pass rest props to the root element"}],"endTime":1568904055556,"message":"","name":"D:\\Users\\lazyd\\src\\@lzd\\cms-next\\next-zero\\packages\\grid\\src\\templates\\table-edit-command-cell.test.jsx","startTime":1568904055220,"status":"passed","summary":""},{"assertionResults":[{"ancestorTitles":["TableGroupCell","IndentCell"],"failureMessages":[],"fullName":"TableGroupCell IndentCell should have correct classes","location":null,"status":"passed","title":"should have correct classes"},{"ancestorTitles":["TableGroupCell","IndentCell"],"failureMessages":[],"fullName":"TableGroupCell IndentCell should apply left position","location":null,"status":"passed","title":"should apply left position"},{"ancestorTitles":["TableGroupCell","IndentCell"],"failureMessages":[],"fullName":"TableGroupCell IndentCell should merge custom style","location":null,"status":"passed","title":"should merge custom style"},{"ancestorTitles":["TableGroupCell","IndentCell"],"failureMessages":[],"fullName":"TableGroupCell IndentCell should pass custom class to the root element","location":null,"status":"passed","title":"should pass custom class to the root element"},{"ancestorTitles":["TableGroupCell","IndentCell"],"failureMessages":[],"fullName":"TableGroupCell IndentCell should pass rest props to root component","location":null,"status":"passed","title":"should pass rest props to root component"}],"endTime":1568904055562,"message":"","name":"D:\\Users\\lazyd\\src\\@lzd\\cms-next\\next-zero\\packages\\grid\\src\\templates\\table-group-cell\\indent-cell.test.jsx","startTime":1568904055220,"status":"passed","summary":""},{"assertionResults":[{"ancestorTitles":["TableDetailCell"],"failureMessages":[],"fullName":"TableDetailCell should pass the className prop to the root element","location":null,"status":"passed","title":"should pass the className prop to the root element"},{"ancestorTitles":["TableDetailCell"],"failureMessages":[],"fullName":"TableDetailCell should pass rest props to the root element","location":null,"status":"passed","title":"should pass rest props to the root element"}],"endTime":1568904055651,"message":"","name":"D:\\Users\\lazyd\\src\\@lzd\\cms-next\\next-zero\\packages\\grid\\src\\templates\\table-detail-cell.test.jsx","startTime":1568904055266,"status":"passed","summary":""},{"assertionResults":[{"ancestorTitles":["TableSelectAllCell"],"failureMessages":[],"fullName":"TableSelectAllCell should pass rest props to the root element","location":null,"status":"passed","title":"should pass rest props to the root element"},{"ancestorTitles":["TableSelectAllCell"],"failureMessages":[],"fullName":"TableSelectAllCell should pass rest props to the root element1","location":null,"status":"passed","title":"should pass rest props to the root element1"},{"ancestorTitles":["TableSelectAllCell"],"failureMessages":[],"fullName":"TableSelectAllCell should apply correct align if rowSpan is defined","location":null,"status":"passed","title":"should apply correct align if rowSpan is defined"}],"endTime":1568904056210,"message":"","name":"D:\\Users\\lazyd\\src\\@lzd\\cms-next\\next-zero\\packages\\grid\\src\\templates\\table-select-all-cell.test.jsx","startTime":1568904055911,"status":"passed","summary":""},{"assertionResults":[{"ancestorTitles":["TableCell"],"failureMessages":[],"fullName":"TableCell should have correct text alignment","location":null,"status":"passed","title":"should have correct text alignment"},{"ancestorTitles":["TableCell"],"failureMessages":[],"fullName":"TableCell should consider the `wordWrapEnabled` property","location":null,"status":"passed","title":"should consider the `wordWrapEnabled` property"},{"ancestorTitles":["TableCell"],"failureMessages":[],"fullName":"TableCell should have correct text","location":null,"status":"passed","title":"should have correct text"},{"ancestorTitles":["TableCell"],"failureMessages":[],"fullName":"TableCell should render children if passed","location":null,"status":"passed","title":"should render children if passed"},{"ancestorTitles":["TableCell"],"failureMessages":[],"fullName":"TableCell should pass custom class to the root element","location":null,"status":"passed","title":"should pass custom class to the root element"},{"ancestorTitles":["TableCell"],"failureMessages":[],"fullName":"TableCell should pass rest props to the root element","location":null,"status":"passed","title":"should pass rest props to the root element"}],"endTime":1568904056265,"message":"","name":"D:\\Users\\lazyd\\src\\@lzd\\cms-next\\next-zero\\packages\\grid\\src\\templates\\table-cell.test.jsx","startTime":1568904055915,"status":"passed","summary":""},{"assertionResults":[{"ancestorTitles":["GroupPanelEmptyMessage"],"failureMessages":[],"fullName":"GroupPanelEmptyMessage should pass rest props to the root element","location":null,"status":"passed","title":"should pass rest props to the root element"},{"ancestorTitles":["GroupPanelEmptyMessage"],"failureMessages":[],"fullName":"GroupPanelEmptyMessage should pass custom class to the root element","location":null,"status":"passed","title":"should pass custom class to the root element"}],"endTime":1568904056294,"message":"","name":"D:\\Users\\lazyd\\src\\@lzd\\cms-next\\next-zero\\packages\\grid\\src\\templates\\group-panel-empty-message.test.jsx","startTime":1568904055964,"status":"passed","summary":""},{"assertionResults":[{"ancestorTitles":["ToggleButton"],"failureMessages":[],"fullName":"ToggleButton should pass the className prop to the root element","location":null,"status":"passed","title":"should pass the className prop to the root element"},{"ancestorTitles":["ToggleButton"],"failureMessages":[],"fullName":"ToggleButton should pass rest props to the root element","location":null,"status":"passed","title":"should pass rest props to the root element"}],"endTime":1568904056916,"message":"","name":"D:\\Users\\lazyd\\src\\@lzd\\cms-next\\next-zero\\packages\\grid\\src\\templates\\column-chooser\\toggle-button.test.jsx","startTime":1568904056596,"status":"passed","summary":""},{"assertionResults":[{"ancestorTitles":["Item"],"failureMessages":[],"fullName":"Item should set item checkbox value depending on the \"hidden\" property","location":null,"status":"passed","title":"should set item checkbox value depending on the \"hidden\" property"},{"ancestorTitles":["Item"],"failureMessages":[],"fullName":"Item should call the \"onToggle\" on the checkbox \"onChange\" event","location":null,"status":"passed","title":"should call the \"onToggle\" on the checkbox \"onChange\" event"},{"ancestorTitles":["Item"],"failureMessages":[],"fullName":"Item should call the \"onToggle\" on the list item \"onClick\" event","location":null,"status":"passed","title":"should call the \"onToggle\" on the list item \"onClick\" event"},{"ancestorTitles":["Item"],"failureMessages":[],"fullName":"Item should render column title or name in each item","location":null,"status":"passed","title":"should render column title or name in each item"},{"ancestorTitles":["Item"],"failureMessages":[],"fullName":"Item should pass the className prop to the root element","location":null,"status":"passed","title":"should pass the className prop to the root element"},{"ancestorTitles":["Item"],"failureMessages":[],"fullName":"Item should pass rest props to the root element","location":null,"status":"passed","title":"should pass rest props to the root element"},{"ancestorTitles":["Item"],"failureMessages":[],"fullName":"Item should process the disabled prop","location":null,"status":"passed","title":"should process the disabled prop"}],"endTime":1568904056954,"message":"","name":"D:\\Users\\lazyd\\src\\@lzd\\cms-next\\next-zero\\packages\\grid\\src\\templates\\column-chooser\\item.test.jsx","startTime":1568904056567,"status":"passed","summary":""},{"assertionResults":[{"ancestorTitles":["Pagination"],"failureMessages":[],"fullName":"Pagination can show info about rendered pages","location":null,"status":"passed","title":"can show info about rendered pages"},{"ancestorTitles":["Pagination"],"failureMessages":[],"fullName":"Pagination can render pagination arrows","location":null,"status":"passed","title":"can render pagination arrows"},{"ancestorTitles":["Pagination"],"failureMessages":[],"fullName":"Pagination disables the prev arrow if the first page is active","location":null,"status":"passed","title":"disables the prev arrow if the first page is active"},{"ancestorTitles":["Pagination"],"failureMessages":[],"fullName":"Pagination disables the next arrow if current page equals to total page count","location":null,"status":"passed","title":"disables the next arrow if current page equals to total page count"}],"endTime":1568904057106,"message":"","name":"D:\\Users\\lazyd\\src\\@lzd\\cms-next\\next-zero\\packages\\grid\\src\\templates\\paging-panel\\pagination.test.jsx","startTime":1568904056624,"status":"passed","summary":""},{"assertionResults":[{"ancestorTitles":["TableRow"],"failureMessages":[],"fullName":"TableRow should pass rest props to the root element","location":null,"status":"passed","title":"should pass rest props to the root element"}],"endTime":1568904057736,"message":"","name":"D:\\Users\\lazyd\\src\\@lzd\\cms-next\\next-zero\\packages\\grid\\src\\templates\\table-row.test.jsx","startTime":1568904057406,"status":"passed","summary":""},{"assertionResults":[{"ancestorTitles":["TableStubCell"],"failureMessages":[],"fullName":"TableStubCell should pass custom class to the root element","location":null,"status":"passed","title":"should pass custom class to the root element"},{"ancestorTitles":["TableStubCell"],"failureMessages":[],"fullName":"TableStubCell should pass rest props to the root element","location":null,"status":"passed","title":"should pass rest props to the root element"}],"endTime":1568904057774,"message":"","name":"D:\\Users\\lazyd\\src\\@lzd\\cms-next\\next-zero\\packages\\grid\\src\\templates\\table-stub-cell.test.jsx","startTime":1568904057400,"status":"passed","summary":""},{"assertionResults":[{"ancestorTitles":["TableStubRow"],"failureMessages":[],"fullName":"TableStubRow should pass rest props to the root element","location":null,"status":"passed","title":"should pass rest props to the root element"}],"endTime":1568904057843,"message":"","name":"D:\\Users\\lazyd\\src\\@lzd\\cms-next\\next-zero\\packages\\grid\\src\\templates\\table-stub-row.test.jsx","startTime":1568904057463,"status":"passed","summary":""},{"assertionResults":[{"ancestorTitles":["TableGroupCell","Container"],"failureMessages":[],"fullName":"TableGroupCell Container should have correct classes","location":null,"status":"passed","title":"should have correct classes"},{"ancestorTitles":["TableGroupCell","Container"],"failureMessages":[],"fullName":"TableGroupCell Container should apply style","location":null,"status":"passed","title":"should apply style"},{"ancestorTitles":["TableGroupCell","Container"],"failureMessages":[],"fullName":"TableGroupCell Container should render children","location":null,"status":"passed","title":"should render children"},{"ancestorTitles":["TableGroupCell","Container"],"failureMessages":[],"fullName":"TableGroupCell Container should pass custom class to the root element","location":null,"status":"passed","title":"should pass custom class to the root element"},{"ancestorTitles":["TableGroupCell","Container"],"failureMessages":[],"fullName":"TableGroupCell Container should pass rest props to the root element","location":null,"status":"passed","title":"should pass rest props to the root element"}],"endTime":1568904058535,"message":"","name":"D:\\Users\\lazyd\\src\\@lzd\\cms-next\\next-zero\\packages\\grid\\src\\templates\\table-group-cell\\container.test.jsx","startTime":1568904058232,"status":"passed","summary":""},{"assertionResults":[{"ancestorTitles":["EmptyMessage"],"failureMessages":[],"fullName":"EmptyMessage should use \"noColumns\" message key","location":null,"status":"passed","title":"should use \"noColumns\" message key"},{"ancestorTitles":["EmptyMessage"],"failureMessages":[],"fullName":"EmptyMessage should pass the className prop to the root element","location":null,"status":"passed","title":"should pass the className prop to the root element"},{"ancestorTitles":["EmptyMessage"],"failureMessages":[],"fullName":"EmptyMessage should pass rest props to the root element","location":null,"status":"passed","title":"should pass rest props to the root element"}],"endTime":1568904058549,"message":"","name":"D:\\Users\\lazyd\\src\\@lzd\\cms-next\\next-zero\\packages\\grid\\src\\templates\\empty-message.test.jsx","startTime":1568904058264,"status":"passed","summary":""},{"assertionResults":[{"ancestorTitles":["TableGroupCell","Content"],"failureMessages":[],"fullName":"TableGroupCell Content should render column title and value","location":null,"status":"passed","title":"should render column title and value"},{"ancestorTitles":["TableGroupCell","Content"],"failureMessages":[],"fullName":"TableGroupCell Content should use column name if title is not set","location":null,"status":"passed","title":"should use column name if title is not set"},{"ancestorTitles":["TableGroupCell","Content"],"failureMessages":[],"fullName":"TableGroupCell Content should render children if any passed","location":null,"status":"passed","title":"should render children if any passed"},{"ancestorTitles":["TableGroupCell","Content"],"failureMessages":[],"fullName":"TableGroupCell Content should cast value to string","location":null,"status":"passed","title":"should cast value to string"},{"ancestorTitles":["TableGroupCell","Content"],"failureMessages":[],"fullName":"TableGroupCell Content should pass rest props to the root component","location":null,"status":"passed","title":"should pass rest props to the root component"}],"endTime":1568904058567,"message":"","name":"D:\\Users\\lazyd\\src\\@lzd\\cms-next\\next-zero\\packages\\grid\\src\\templates\\table-group-cell\\content.test.jsx","startTime":1568904058237,"status":"passed","summary":""},{"assertionResults":[{"ancestorTitles":["Pagination link"],"failureMessages":[],"fullName":"Pagination link should assign className to the root element","location":null,"status":"passed","title":"should assign className to the root element"},{"ancestorTitles":["Pagination link"],"failureMessages":[],"fullName":"Pagination link should pass rest props to the root element","location":null,"status":"passed","title":"should pass rest props to the root element"},{"ancestorTitles":["Pagination link"],"failureMessages":[],"fullName":"Pagination link should pass children to the root element","location":null,"status":"passed","title":"should pass children to the root element"},{"ancestorTitles":["Pagination link"],"failureMessages":[],"fullName":"Pagination link should not have aria-label by default","location":null,"status":"passed","title":"should not have aria-label by default"},{"ancestorTitles":["Pagination link","\"next\" prop"],"failureMessages":[],"fullName":"Pagination link \"next\" prop should set aria-label","location":null,"status":"passed","title":"should set aria-label"},{"ancestorTitles":["Pagination link","\"next\" prop"],"failureMessages":[],"fullName":"Pagination link \"next\" prop should render children if passed","location":null,"status":"passed","title":"should render children if passed"},{"ancestorTitles":["Pagination link","\"next\" prop"],"failureMessages":[],"fullName":"Pagination link \"next\" prop should render angle quote mark if no children passed","location":null,"status":"passed","title":"should render angle quote mark if no children passed"},{"ancestorTitles":["Pagination link","\"next\" prop"],"failureMessages":[],"fullName":"Pagination link \"next\" prop should render aria label element for screen readers","location":null,"status":"passed","title":"should render aria label element for screen readers"},{"ancestorTitles":["Pagination link","\"previous\" prop"],"failureMessages":[],"fullName":"Pagination link \"previous\" prop should set aria-label","location":null,"status":"passed","title":"should set aria-label"},{"ancestorTitles":["Pagination link","\"previous\" prop"],"failureMessages":[],"fullName":"Pagination link \"previous\" prop should render children if passed","location":null,"status":"passed","title":"should render children if passed"},{"ancestorTitles":["Pagination link","\"previous\" prop"],"failureMessages":[],"fullName":"Pagination link \"previous\" prop should render angle quote mark if no children passed","location":null,"status":"passed","title":"should render angle quote mark if no children passed"},{"ancestorTitles":["Pagination link","\"previous\" prop"],"failureMessages":[],"fullName":"Pagination link \"previous\" prop should render aria label element for screen readers","location":null,"status":"passed","title":"should render aria label element for screen readers"}],"endTime":1568904059140,"message":"","name":"D:\\Users\\lazyd\\src\\@lzd\\cms-next\\next-zero\\packages\\grid\\src\\templates\\parts\\pagination\\pagination-link.test.jsx","startTime":1568904058850,"status":"passed","summary":""},{"assertionResults":[{"ancestorTitles":["Table Select Row"],"failureMessages":[],"fullName":"Table Select Row should have correct className","location":null,"status":"passed","title":"should have correct className"},{"ancestorTitles":["Table Select Row"],"failureMessages":[],"fullName":"Table Select Row should pass className to the root element","location":null,"status":"passed","title":"should pass className to the root element"},{"ancestorTitles":["Table Select Row"],"failureMessages":[],"fullName":"Table Select Row should handle row click","location":null,"status":"passed","title":"should handle row click"}],"endTime":1568904059239,"message":"","name":"D:\\Users\\lazyd\\src\\@lzd\\cms-next\\next-zero\\packages\\grid\\src\\templates\\table-select-row.test.jsx","startTime":1568904058898,"status":"passed","summary":""},{"assertionResults":[{"ancestorTitles":["GroupPanelItem"],"failureMessages":[],"fullName":"GroupPanelItem should use column name if title is not specified","location":null,"status":"passed","title":"should use column name if title is not specified"},{"ancestorTitles":["GroupPanelItem"],"failureMessages":[],"fullName":"GroupPanelItem can render the ungroup button","location":null,"status":"passed","title":"can render the ungroup button"},{"ancestorTitles":["GroupPanelItem"],"failureMessages":[],"fullName":"GroupPanelItem does not get focus if sorting is not allowed","location":null,"status":"passed","title":"does not get focus if sorting is not allowed"},{"ancestorTitles":["GroupPanelItem"],"failureMessages":[],"fullName":"GroupPanelItem should handle the \"Enter\" and \"Space\" keys down and \"Mouse click\" for sorting change","location":null,"status":"passed","title":"should handle the \"Enter\" and \"Space\" keys down and \"Mouse click\" for sorting change"},{"ancestorTitles":["GroupPanelItem"],"failureMessages":[],"fullName":"GroupPanelItem should handle the \"Mouse click\" for ungrouping","location":null,"status":"passed","title":"should handle the \"Mouse click\" for ungrouping"},{"ancestorTitles":["GroupPanelItem"],"failureMessages":[],"fullName":"GroupPanelItem should cancel sorting on sorting direction change when the \"Ctrl\" key is pressed","location":null,"status":"passed","title":"should cancel sorting on sorting direction change when the \"Ctrl\" key is pressed"},{"ancestorTitles":["GroupPanelItem"],"failureMessages":[],"fullName":"GroupPanelItem should pass rest props to the root element","location":null,"status":"passed","title":"should pass rest props to the root element"},{"ancestorTitles":["GroupPanelItem"],"failureMessages":[],"fullName":"GroupPanelItem should add the passed className to the root element","location":null,"status":"passed","title":"should add the passed className to the root element"},{"ancestorTitles":["GroupPanelItem"],"failureMessages":[],"fullName":"GroupPanelItem should apply the disabled class if grouping and sorting are not allowed","location":null,"status":"passed","title":"should apply the disabled class if grouping and sorting are not allowed"},{"ancestorTitles":["GroupPanelItem"],"failureMessages":[],"fullName":"GroupPanelItem should not apply the disabled class if grouping and sorting are allowed","location":null,"status":"passed","title":"should not apply the disabled class if grouping and sorting are allowed"}],"endTime":1568904059333,"message":"","name":"D:\\Users\\lazyd\\src\\@lzd\\cms-next\\next-zero\\packages\\grid\\src\\templates\\group-panel-item.test.jsx","startTime":1568904058874,"status":"passed","summary":""},{"assertionResults":[{"ancestorTitles":["TableDetailToggleCell"],"failureMessages":[],"fullName":"TableDetailToggleCell should pass style to the root element","location":null,"status":"passed","title":"should pass style to the root element"},{"ancestorTitles":["TableDetailToggleCell"],"failureMessages":[],"fullName":"TableDetailToggleCell should pass rest props to the root element","location":null,"status":"passed","title":"should pass rest props to the root element"}],"endTime":1568904059879,"message":"","name":"D:\\Users\\lazyd\\src\\@lzd\\cms-next\\next-zero\\packages\\grid\\src\\templates\\table-detail-toggle-cell.test.jsx","startTime":1568904059594,"status":"passed","summary":""},{"assertionResults":[{"ancestorTitles":["TableTreeExpandButton"],"failureMessages":[],"fullName":"TableTreeExpandButton should pass className to the root element","location":null,"status":"passed","title":"should pass className to the root element"},{"ancestorTitles":["TableTreeExpandButton"],"failureMessages":[],"fullName":"TableTreeExpandButton should pass rest props to the root element","location":null,"status":"passed","title":"should pass rest props to the root element"}],"endTime":1568904059885,"message":"","name":"D:\\Users\\lazyd\\src\\@lzd\\cms-next\\next-zero\\packages\\grid\\src\\templates\\table-tree-expand-button.test.jsx","startTime":1568904059596,"status":"passed","summary":""},{"assertionResults":[{"ancestorTitles":["TableTreeCell"],"failureMessages":[],"fullName":"TableTreeCell should render children if passed","location":null,"status":"passed","title":"should render children if passed"},{"ancestorTitles":["TableTreeCell"],"failureMessages":[],"fullName":"TableTreeCell should pass rest props to the root element","location":null,"status":"passed","title":"should pass rest props to the root element"},{"ancestorTitles":["TableTreeCell"],"failureMessages":[],"fullName":"TableTreeCell should not apply nowrap class","location":null,"status":"passed","title":"should not apply nowrap class"},{"ancestorTitles":["TableTreeCell"],"failureMessages":[],"fullName":"TableTreeCell should apply align right class","location":null,"status":"passed","title":"should apply align right class"},{"ancestorTitles":["TableTreeCell"],"failureMessages":[],"fullName":"TableTreeCell should apply align center class","location":null,"status":"passed","title":"should apply align center class"}],"endTime":1568904059990,"message":"","name":"D:\\Users\\lazyd\\src\\@lzd\\cms-next\\next-zero\\packages\\grid\\src\\templates\\table-tree-cell.test.jsx","startTime":1568904059655,"status":"passed","summary":""},{"assertionResults":[{"ancestorTitles":["TableTreeContent"],"failureMessages":[],"fullName":"TableTreeContent should render children if passed","location":null,"status":"passed","title":"should render children if passed"},{"ancestorTitles":["TableTreeContent"],"failureMessages":[],"fullName":"TableTreeContent should pass style to the root element","location":null,"status":"passed","title":"should pass style to the root element"},{"ancestorTitles":["TableTreeContent"],"failureMessages":[],"fullName":"TableTreeContent should pass rest props to the root element","location":null,"status":"passed","title":"should pass rest props to the root element"}],"endTime":1568904060490,"message":"","name":"D:\\Users\\lazyd\\src\\@lzd\\cms-next\\next-zero\\packages\\grid\\src\\templates\\table-tree-content.test.jsx","startTime":1568904060227,"status":"passed","summary":""},{"assertionResults":[{"ancestorTitles":["Toolbar"],"failureMessages":[],"fullName":"Toolbar should pass custom class to the root element","location":null,"status":"passed","title":"should pass custom class to the root element"},{"ancestorTitles":["Toolbar"],"failureMessages":[],"fullName":"Toolbar should pass rest props to the root element","location":null,"status":"passed","title":"should pass rest props to the root element"}],"endTime":1568904060505,"message":"","name":"D:\\Users\\lazyd\\src\\@lzd\\cms-next\\next-zero\\packages\\grid\\src\\templates\\toolbar\\toolbar.test.jsx","startTime":1568904060232,"status":"passed","summary":""},{"assertionResults":[{"ancestorTitles":["TableTreeCheckbox"],"failureMessages":[],"fullName":"TableTreeCheckbox should pass className to the root element","location":null,"status":"passed","title":"should pass className to the root element"},{"ancestorTitles":["TableTreeCheckbox"],"failureMessages":[],"fullName":"TableTreeCheckbox should pass rest props to the root element","location":null,"status":"passed","title":"should pass rest props to the root element"}],"endTime":1568904060582,"message":"","name":"D:\\Users\\lazyd\\src\\@lzd\\cms-next\\next-zero\\packages\\grid\\src\\templates\\table-tree-checkbox.test.jsx","startTime":1568904060279,"status":"passed","summary":""},{"assertionResults":[{"ancestorTitles":["TableSkeletonCell"],"failureMessages":[],"fullName":"TableSkeletonCell should pass custom class to the root element","location":null,"status":"passed","title":"should pass custom class to the root element"},{"ancestorTitles":["TableSkeletonCell"],"failureMessages":[],"fullName":"TableSkeletonCell should pass rest props to the root element","location":null,"status":"passed","title":"should pass rest props to the root element"}],"endTime":1568904061095,"message":"","name":"D:\\Users\\lazyd\\src\\@lzd\\cms-next\\next-zero\\packages\\grid\\src\\templates\\table-skeleton-cell.test.jsx","startTime":1568904060828,"status":"passed","summary":""},{"assertionResults":[{"ancestorTitles":["GroupPanelContainer"],"failureMessages":[],"fullName":"GroupPanelContainer should pass rest props to the root element","location":null,"status":"passed","title":"should pass rest props to the root element"},{"ancestorTitles":["GroupPanelContainer"],"failureMessages":[],"fullName":"GroupPanelContainer should pass custom class to the root element","location":null,"status":"passed","title":"should pass custom class to the root element"}],"endTime":1568904061170,"message":"","name":"D:\\Users\\lazyd\\src\\@lzd\\cms-next\\next-zero\\packages\\grid\\src\\templates\\group-panel-container.test.jsx","startTime":1568904060857,"status":"passed","summary":""},{"assertionResults":[{"ancestorTitles":["FilterSelector"],"failureMessages":[],"fullName":"FilterSelector should not render anything if no values are available","location":null,"status":"passed","title":"should not render anything if no values are available"},{"ancestorTitles":["FilterSelector"],"failureMessages":[],"fullName":"FilterSelector should render the disabled toggle button if only one value is available","location":null,"status":"passed","title":"should render the disabled toggle button if only one value is available"},{"ancestorTitles":["FilterSelector"],"failureMessages":[],"fullName":"FilterSelector should render the disabled toggle button if the \"disabled\" prop is true","location":null,"status":"passed","title":"should render the disabled toggle button if the \"disabled\" prop is true"},{"ancestorTitles":["FilterSelector"],"failureMessages":[],"fullName":"FilterSelector should pass className to the root element","location":null,"status":"passed","title":"should pass className to the root element"},{"ancestorTitles":["FilterSelector"],"failureMessages":[],"fullName":"FilterSelector should pass rest props to the root element","location":null,"status":"passed","title":"should pass rest props to the root element"}],"endTime":1568904061282,"message":"","name":"D:\\Users\\lazyd\\src\\@lzd\\cms-next\\next-zero\\packages\\grid\\src\\templates\\filter-row\\filter-selector.test.jsx","startTime":1568904060810,"status":"passed","summary":""},{"assertionResults":[{"ancestorTitles":["Icon"],"failureMessages":[],"fullName":"Icon should render default icon if unknown type is specified","location":null,"status":"passed","title":"should render default icon if unknown type is specified"},{"ancestorTitles":["Icon"],"failureMessages":[],"fullName":"Icon should pass rest props to the root element","location":null,"status":"passed","title":"should pass rest props to the root element"},{"ancestorTitles":["Icon"],"failureMessages":[],"fullName":"Icon should pass the className prop to the root element","location":null,"status":"passed","title":"should pass the className prop to the root element"}],"endTime":1568904061811,"message":"","name":"D:\\Users\\lazyd\\src\\@lzd\\cms-next\\next-zero\\packages\\grid\\src\\templates\\filter-row\\icon.test.jsx","startTime":1568904061507,"status":"passed","summary":""},{"assertionResults":[{"ancestorTitles":["SortLabel"],"failureMessages":[],"fullName":"SortLabel should spread rest props to the root element","location":null,"status":"passed","title":"should spread rest props to the root element"},{"ancestorTitles":["SortLabel"],"failureMessages":[],"fullName":"SortLabel should add custom class","location":null,"status":"passed","title":"should add custom class"},{"ancestorTitles":["SortLabel"],"failureMessages":[],"fullName":"SortLabel should not add the onClick and onKeyDown handlers if disabled is true","location":null,"status":"passed","title":"should not add the onClick and onKeyDown handlers if disabled is true"},{"ancestorTitles":["Keyboard navigation"],"failureMessages":[],"fullName":"Keyboard navigation can get focus","location":null,"status":"passed","title":"can get focus"},{"ancestorTitles":["Keyboard navigation"],"failureMessages":[],"fullName":"Keyboard navigation can not get focus if disabled is true","location":null,"status":"passed","title":"can not get focus if disabled is true"},{"ancestorTitles":["Keyboard navigation"],"failureMessages":[],"fullName":"Keyboard navigation should handle the \"Enter\" and \"Space\" keys down","location":null,"status":"passed","title":"should handle the \"Enter\" and \"Space\" keys down"},{"ancestorTitles":["Keyboard navigation"],"failureMessages":[],"fullName":"Keyboard navigation should keep other sorting parameters on sorting change when the \"Shift\" key is pressed","location":null,"status":"passed","title":"should keep other sorting parameters on sorting change when the \"Shift\" key is pressed"},{"ancestorTitles":["Keyboard navigation"],"failureMessages":[],"fullName":"Keyboard navigation should handle the \"Ctrl\" key with sorting","location":null,"status":"passed","title":"should handle the \"Ctrl\" key with sorting"}],"endTime":1568904061930,"message":"","name":"D:\\Users\\lazyd\\src\\@lzd\\cms-next\\next-zero\\packages\\grid\\src\\templates\\table-header-cell\\sort-label.test.jsx","startTime":1568904061562,"status":"passed","summary":""},{"assertionResults":[{"ancestorTitles":["Content"],"failureMessages":[],"fullName":"Content should have correct classes when column is aligned by center","location":null,"status":"passed","title":"should have correct classes when column is aligned by center"},{"ancestorTitles":["Content"],"failureMessages":[],"fullName":"Content should have correct classes when column is aligned by center","location":null,"status":"passed","title":"should have correct classes when column is aligned by center"},{"ancestorTitles":["Content"],"failureMessages":[],"fullName":"Content should apply custom class","location":null,"status":"passed","title":"should apply custom class"},{"ancestorTitles":["Content"],"failureMessages":[],"fullName":"Content should spread rest props to the root element","location":null,"status":"passed","title":"should spread rest props to the root element"}],"endTime":1568904062013,"message":"","name":"D:\\Users\\lazyd\\src\\@lzd\\cms-next\\next-zero\\packages\\grid\\src\\templates\\table-header-cell\\content.test.jsx","startTime":1568904061635,"status":"passed","summary":""},{"assertionResults":[{"ancestorTitles":["Layout","Root"],"failureMessages":[],"fullName":"Layout Root should pass className to the root element","location":null,"status":"passed","title":"should pass className to the root element"},{"ancestorTitles":["Layout","Root"],"failureMessages":[],"fullName":"Layout Root should pass rest props to the root element","location":null,"status":"passed","title":"should pass rest props to the root element"}],"endTime":1568904062473,"message":"","name":"D:\\Users\\lazyd\\src\\@lzd\\cms-next\\next-zero\\packages\\grid\\src\\templates\\layout.test.jsx","startTime":1568904062216,"status":"passed","summary":""},{"assertionResults":[{"ancestorTitles":["TableNoDataCell"],"failureMessages":[],"fullName":"TableNoDataCell should use \"noData\" text if defined","location":null,"status":"passed","title":"should use \"noData\" text if defined"},{"ancestorTitles":["TableNoDataCell"],"failureMessages":[],"fullName":"TableNoDataCell should pass rest props to the root element","location":null,"status":"passed","title":"should pass rest props to the root element"},{"ancestorTitles":["TableNoDataCell"],"failureMessages":[],"fullName":"TableNoDataCell should set sticky position for text container","location":null,"status":"passed","title":"should set sticky position for text container"},{"ancestorTitles":["TableNoDataCell"],"failureMessages":[],"fullName":"TableNoDataCell should align text to the center","location":null,"status":"passed","title":"should align text to the center"}],"endTime":1568904062677,"message":"","name":"D:\\Users\\lazyd\\src\\@lzd\\cms-next\\next-zero\\packages\\grid\\src\\templates\\table-no-data-cell.test.jsx","startTime":1568904062323,"status":"passed","summary":""},{"assertionResults":[{"ancestorTitles":["ToggleButton"],"failureMessages":[],"fullName":"ToggleButton should pass className to the root element","location":null,"status":"passed","title":"should pass className to the root element"},{"ancestorTitles":["ToggleButton"],"failureMessages":[],"fullName":"ToggleButton should pass rest props to the root element","location":null,"status":"passed","title":"should pass rest props to the root element"},{"ancestorTitles":["ToggleButton"],"failureMessages":[],"fullName":"ToggleButton should pass children","location":null,"status":"passed","title":"should pass children"}],"endTime":1568904062702,"message":"","name":"D:\\Users\\lazyd\\src\\@lzd\\cms-next\\next-zero\\packages\\grid\\src\\templates\\filter-row\\filter-selector\\toggle-button.test.jsx","startTime":1568904062335,"status":"passed","summary":""},{"assertionResults":[{"ancestorTitles":["Pagination"],"failureMessages":[],"fullName":"Pagination should pass className to the root element","location":null,"status":"passed","title":"should pass className to the root element"},{"ancestorTitles":["Pagination"],"failureMessages":[],"fullName":"Pagination should pass listClassName to the list element","location":null,"status":"passed","title":"should pass listClassName to the list element"},{"ancestorTitles":["Pagination"],"failureMessages":[],"fullName":"Pagination should pass rest props to the list element","location":null,"status":"passed","title":"should pass rest props to the list element"}],"endTime":1568904063221,"message":"","name":"D:\\Users\\lazyd\\src\\@lzd\\cms-next\\next-zero\\packages\\grid\\src\\templates\\parts\\pagination\\pagination.test.jsx","startTime":1568904062988,"status":"passed","summary":""},{"assertionResults":[{"ancestorTitles":["Pagination item","className"],"failureMessages":[],"fullName":"Pagination item className should be \"page-item\" by default","location":null,"status":"passed","title":"should be \"page-item\" by default"},{"ancestorTitles":["Pagination item","className"],"failureMessages":[],"fullName":"Pagination item className should append \"active\" if this prop is set","location":null,"status":"passed","title":"should append \"active\" if this prop is set"},{"ancestorTitles":["Pagination item","className"],"failureMessages":[],"fullName":"Pagination item className should append \"disabled\" if this prop is set","location":null,"status":"passed","title":"should append \"disabled\" if this prop is set"},{"ancestorTitles":["Pagination item"],"failureMessages":[],"fullName":"Pagination item should pass rest props to the root element","location":null,"status":"passed","title":"should pass rest props to the root element"}],"endTime":1568904063278,"message":"","name":"D:\\Users\\lazyd\\src\\@lzd\\cms-next\\next-zero\\packages\\grid\\src\\templates\\parts\\pagination\\pagination-item.test.jsx","startTime":1568904063037,"status":"passed","summary":""},{"assertionResults":[{"ancestorTitles":["TableSummaryItem"],"failureMessages":[],"fullName":"TableSummaryItem should render children if passed","location":null,"status":"passed","title":"should render children if passed"},{"ancestorTitles":["TableSummaryItem"],"failureMessages":[],"fullName":"TableSummaryItem should pass rest props to the root element","location":null,"status":"passed","title":"should pass rest props to the root element"},{"ancestorTitles":["TableSummaryItem"],"failureMessages":[],"fullName":"TableSummaryItem should pass the className prop to the root element","location":null,"status":"passed","title":"should pass the className prop to the root element"},{"ancestorTitles":["TableSummaryItem"],"failureMessages":[],"fullName":"TableSummaryItem should use getMessage to format a summary caption","location":null,"status":"passed","title":"should use getMessage to format a summary caption"}],"endTime":1568904063306,"message":"","name":"D:\\Users\\lazyd\\src\\@lzd\\cms-next\\next-zero\\packages\\grid\\src\\templates\\table-summary-item.test.jsx","startTime":1568904063025,"status":"passed","summary":""},{"assertionResults":[{"ancestorTitles":["BandedHeaderCell"],"failureMessages":[],"fullName":"BandedHeaderCell should render children and passed className","location":null,"status":"passed","title":"should render children and passed className"},{"ancestorTitles":["BandedHeaderCell"],"failureMessages":[],"fullName":"BandedHeaderCell should render pass restProps to root component","location":null,"status":"passed","title":"should render pass restProps to root component"},{"ancestorTitles":["BandedHeaderCell"],"failureMessages":[],"fullName":"BandedHeaderCell should apply left border if necessary","location":null,"status":"passed","title":"should apply left border if necessary"}],"endTime":1568904063826,"message":"","name":"D:\\Users\\lazyd\\src\\@lzd\\cms-next\\next-zero\\packages\\grid\\src\\templates\\table-band-header\\banded-header-cell.test.jsx","startTime":1568904063567,"status":"passed","summary":""},{"assertionResults":[{"ancestorTitles":["Container"],"failureMessages":[],"fullName":"Container should have correct styles","location":null,"status":"passed","title":"should have correct styles"},{"ancestorTitles":["Container"],"failureMessages":[],"fullName":"Container should apply custom styles","location":null,"status":"passed","title":"should apply custom styles"},{"ancestorTitles":["Container"],"failureMessages":[],"fullName":"Container should pass the className prop to the root element","location":null,"status":"passed","title":"should pass the className prop to the root element"},{"ancestorTitles":["Container"],"failureMessages":[],"fullName":"Container should pass rest props to the root element","location":null,"status":"passed","title":"should pass rest props to the root element"},{"ancestorTitles":["Column"],"failureMessages":[],"fullName":"Column should pass the className prop to the root element","location":null,"status":"passed","title":"should pass the className prop to the root element"},{"ancestorTitles":["Column"],"failureMessages":[],"fullName":"Column should pass rest props to the root element","location":null,"status":"passed","title":"should pass rest props to the root element"}],"endTime":1568904063876,"message":"","name":"D:\\Users\\lazyd\\src\\@lzd\\cms-next\\next-zero\\packages\\grid\\src\\templates\\drag-drop.test.jsx","startTime":1568904063594,"status":"passed","summary":""}],"wasInterrupted":false}